<?xml version="1.0" encoding="utf-8"?><testsuites name="pytest tests"><testsuite name="pytest" errors="0" failures="0" skipped="0" tests="31" time="4.198" timestamp="2026-05-05T12:57:43.161189+00:00" hostname="agent-env-0fc684ca-3be8-4c7d-891b-c55f1bfb94ff"><testcase classname="backend.tests.test_chunk2.TestAdminAuth" name="test_admin_login_role" time="0.825" /><testcase classname="backend.tests.test_chunk2.TestAdminAuth" name="test_employee_login_role" time="0.270" /><testcase classname="backend.tests.test_chunk2.TestAdminUsers" name="test_employee_forbidden" time="0.038" /><testcase classname="backend.tests.test_chunk2.TestAdminUsers" name="test_admin_list_users" time="0.045" /><testcase classname="backend.tests.test_chunk2.TestAdminUsers" name="test_admin_patch_user" time="0.102" /><testcase classname="backend.tests.test_chunk2.TestAdminUsers" name="test_admin_cannot_delete_self" time="0.050" /><testcase classname="backend.tests.test_chunk2.TestAdminUsers" name="test_admin_delete_user_then_recreate" time="0.321" /><testcase classname="backend.tests.test_chunk2.TestAdminChallenges" name="test_create_list_delete" time="0.190" /><testcase classname="backend.tests.test_chunk2.TestAdminChallenges" name="test_employee_forbidden_challenges" time="0.052" /><testcase classname="backend.tests.test_chunk2.TestReminders" name="test_get_default" time="0.063" /><testcase classname="backend.tests.test_chunk2.TestReminders" name="test_put_save" time="0.109" /><testcase classname="backend.tests.test_chunk2.TestAnalytics" name="test_analytics" time="0.058" /><testcase classname="backend.tests.test_chunk2.TestFeedback" name="test_employee_create_feedback" time="0.064" /><testcase classname="backend.tests.test_chunk2.TestFeedback" name="test_employee_cannot_list" time="0.035" /><testcase classname="backend.tests.test_chunk2.TestFeedback" name="test_admin_list_feedback" time="0.045" /><testcase classname="backend.tests.test_chunk2.TestFeedback" name="test_invalid_category" time="0.310" /><testcase classname="backend.tests.test_chunk2.TestShoutouts" name="test_create_shoutout_points" time="0.327" /><testcase classname="backend.tests.test_chunk2.TestShoutouts" name="test_invalid_emoji" time="0.085" /><testcase classname="backend.tests.test_chunk2.TestShoutouts" name="test_invalid_category" time="0.042" /><testcase classname="backend.tests.test_chunk2.TestShoutouts" name="test_empty_recipients" time="0.035" /><testcase classname="backend.tests.test_chunk2.TestShoutouts" name="test_digest" time="0.041" /><testcase classname="backend.tests.test_chunk2.TestHelpBoard" name="test_create_help_filter" time="0.266" /><testcase classname="backend.tests.test_chunk2.TestHelpBoard" name="test_invalid_category" time="0.037" /><testcase classname="backend.tests.test_chunk2.TestHelpBoard" name="test_list_all" time="0.040" /><testcase classname="backend.tests.test_chunk2.TestTeamLB" name="test_team_leaderboard" time="0.042" /><testcase classname="backend.tests.test_chunk2.TestInsights" name="test_weekly" time="0.050" /><testcase classname="backend.tests.test_chunk2.TestDND" name="test_patch_dnd" time="0.118" /><testcase classname="backend.tests.test_chunk2.TestPostReactions" name="test_react_emoji" time="0.130" /><testcase classname="backend.tests.test_chunk2.TestPostReactions" name="test_invalid_emoji" time="0.176" /><testcase classname="backend.tests.test_chunk2.TestUsersList" name="test_list_requires_auth" time="0.079" /><testcase classname="backend.tests.test_chunk2.TestUsersList" name="test_list_authed" time="0.036" /></testsuite></testsuites>