<?xml version="1.0" encoding="utf-8"?><testsuites name="pytest tests"><testsuite name="pytest" errors="0" failures="0" skipped="1" tests="24" time="1.157" timestamp="2026-05-05T13:19:32.088704+00:00" hostname="agent-env-0fc684ca-3be8-4c7d-891b-c55f1bfb94ff"><testcase classname="backend.tests.test_chunk3.TestMusic" name="test_playlists" time="0.004" /><testcase classname="backend.tests.test_chunk3.TestFacts" name="test_fact_today" time="0.003" /><testcase classname="backend.tests.test_chunk3.TestFacts" name="test_fact_react" time="0.243" /><testcase classname="backend.tests.test_chunk3.TestFacts" name="test_fact_react_invalid" time="0.005" /><testcase classname="backend.tests.test_chunk3.TestWords" name="test_word_today" time="0.002" /><testcase classname="backend.tests.test_chunk3.TestPolls" name="test_employee_cannot_create" time="0.002" /><testcase classname="backend.tests.test_chunk3.TestPolls" name="test_teamlead_create" time="0.227"><skipped type="pytest.xfail" message="sam role=employee (expected team_lead) — seed idempotency bug; poll create got 403" /></testcase><testcase classname="backend.tests.test_chunk3.TestPolls" name="test_admin_create_too_few_opts" time="0.232" /><testcase classname="backend.tests.test_chunk3.TestPolls" name="test_list_and_vote_flow" time="0.015" /><testcase classname="backend.tests.test_chunk3.TestEvents" name="test_list" time="0.004" /><testcase classname="backend.tests.test_chunk3.TestEvents" name="test_today" time="0.002" /><testcase classname="backend.tests.test_chunk3.TestEvents" name="test_create_admin" time="0.003" /><testcase classname="backend.tests.test_chunk3.TestEvents" name="test_create_non_admin" time="0.002" /><testcase classname="backend.tests.test_chunk3.TestGames" name="test_submit_and_leaderboard" time="0.005" /><testcase classname="backend.tests.test_chunk3.TestGames" name="test_cap_on_points" time="0.238" /><testcase classname="backend.tests.test_chunk3.TestQuizzes" name="test_list_no_answers" time="0.003" /><testcase classname="backend.tests.test_chunk3.TestQuizzes" name="test_submit" time="0.013" /><testcase classname="backend.tests.test_chunk3.TestBuddy" name="test_pair_and_checkin" time="0.008" /><testcase classname="backend.tests.test_chunk3.TestSpotlight" name="test_current" time="0.002" /><testcase classname="backend.tests.test_chunk3.TestBites" name="test_list" time="0.004" /><testcase classname="backend.tests.test_chunk3.TestBites" name="test_tried_idempotent" time="0.008" /><testcase classname="backend.tests.test_chunk3.TestPlants" name="test_flow" time="0.005" /><testcase classname="backend.tests.test_chunk3.TestRecap" name="test_recap_admin" time="0.003" /><testcase classname="backend.tests.test_chunk3.TestRecap" name="test_recap_non_admin" time="0.002" /></testsuite></testsuites>