<?xml version="1.0" encoding="utf-8"?><testsuites name="pytest tests"><testsuite name="pytest" errors="0" failures="0" skipped="0" tests="15" time="0.820" timestamp="2026-05-05T13:38:17.382257+00:00" hostname="agent-env-0fc684ca-3be8-4c7d-891b-c55f1bfb94ff"><testcase classname="backend.tests.test_chunk4.TestMoodProductivity" name="test_log_mood_with_productivity" time="0.233" /><testcase classname="backend.tests.test_chunk4.TestMoodProductivity" name="test_log_mood_without_productivity" time="0.003" /><testcase classname="backend.tests.test_chunk4.TestMoodProductivity" name="test_get_mood_me_returns_productivity" time="0.003" /><testcase classname="backend.tests.test_chunk4.TestRewards" name="test_admin_issue_points_reward_increments_user_points" time="0.234" /><testcase classname="backend.tests.test_chunk4.TestRewards" name="test_admin_issue_coupon_reward" time="0.232" /><testcase classname="backend.tests.test_chunk4.TestRewards" name="test_admin_issue_shoutout_reward" time="0.003" /><testcase classname="backend.tests.test_chunk4.TestRewards" name="test_invalid_reward_type_rejected" time="0.002" /><testcase classname="backend.tests.test_chunk4.TestRewards" name="test_reward_to_unknown_user_404" time="0.003" /><testcase classname="backend.tests.test_chunk4.TestRewards" name="test_non_admin_cannot_issue_reward" time="0.005" /><testcase classname="backend.tests.test_chunk4.TestRewards" name="test_admin_list_all_rewards" time="0.003" /><testcase classname="backend.tests.test_chunk4.TestRewards" name="test_non_admin_cannot_list_all_rewards" time="0.002" /><testcase classname="backend.tests.test_chunk4.TestRewards" name="test_my_rewards" time="0.002" /><testcase classname="backend.tests.test_chunk4.TestRewards" name="test_claim_reward_flow" time="0.007" /><testcase classname="backend.tests.test_chunk4.TestRewards" name="test_claim_other_users_reward_404" time="0.004" /><testcase classname="backend.tests.test_chunk4.TestRewards" name="test_claim_unknown_reward_404" time="0.002" /></testsuite></testsuites>