<?xml version="1.0" encoding="utf-8"?><testsuites name="pytest tests"><testsuite name="pytest" errors="0" failures="0" skipped="0" tests="25" time="3.701" timestamp="2026-06-19T11:55:16.798968+00:00" hostname="agent-env-0fc684ca-3be8-4c7d-891b-c55f1bfb94ff"><testcase classname="backend.tests.test_chunk5.TestConfigs" name="test_get_points_config" time="1.168" /><testcase classname="backend.tests.test_chunk5.TestConfigs" name="test_put_points_config_and_activity_uses_it" time="0.453" /><testcase classname="backend.tests.test_chunk5.TestConfigs" name="test_get_game_config" time="0.031" /><testcase classname="backend.tests.test_chunk5.TestConfigs" name="test_put_game_config" time="0.083" /><testcase classname="backend.tests.test_chunk5.TestConfigs" name="test_non_admin_cannot_access" time="0.035" /><testcase classname="backend.tests.test_chunk5.TestPointsAward" name="test_award_to_user_and_log" time="0.317" /><testcase classname="backend.tests.test_chunk5.TestPointsAward" name="test_award_to_team" time="0.141" /><testcase classname="backend.tests.test_chunk5.TestPointsAward" name="test_award_requires_id" time="0.073" /><testcase classname="backend.tests.test_chunk5.TestQuizzes" name="test_create_quiz" time="0.087" /><testcase classname="backend.tests.test_chunk5.TestQuizzes" name="test_list_quizzes" time="0.035" /><testcase classname="backend.tests.test_chunk5.TestQuizzes" name="test_custom_quiz_served" time="0.038" /><testcase classname="backend.tests.test_chunk5.TestQuizzes" name="test_fallback_to_hardcoded" time="0.032" /><testcase classname="backend.tests.test_chunk5.TestQuizzes" name="test_invalid_answer_rejected" time="0.085" /><testcase classname="backend.tests.test_chunk5.TestQuizzes" name="test_delete_quiz" time="0.113" /><testcase classname="backend.tests.test_chunk5.TestAnnouncements" name="test_create_all" time="0.065" /><testcase classname="backend.tests.test_chunk5.TestAnnouncements" name="test_create_specific" time="0.079" /><testcase classname="backend.tests.test_chunk5.TestAnnouncements" name="test_my_announcements" time="0.034" /><testcase classname="backend.tests.test_chunk5.TestAnnouncements" name="test_mark_read" time="0.131" /><testcase classname="backend.tests.test_chunk5.TestGameTeams" name="test_create_team" time="0.033" /><testcase classname="backend.tests.test_chunk5.TestGameTeams" name="test_list_admin" time="0.027" /><testcase classname="backend.tests.test_chunk5.TestGameTeams" name="test_list_public" time="0.030" /><testcase classname="backend.tests.test_chunk5.TestGameTeams" name="test_patch_team" time="0.069" /><testcase classname="backend.tests.test_chunk5.TestGameTeams" name="test_set_members_one_team_per_user" time="0.270" /><testcase classname="backend.tests.test_chunk5.TestGameTeams" name="test_delete_team" time="0.064" /><testcase classname="backend.tests.test_chunk5.TestGameTeams" name="test_shuffle" time="0.102" /></testsuite></testsuites>