<?xml version="1.0" encoding="utf-8"?><testsuites name="pytest tests"><testsuite name="pytest" errors="0" failures="0" skipped="0" tests="26" time="6.665" timestamp="2026-08-07T13:35:19.260253+00:00" hostname="agent-env-0fc684ca-3be8-4c7d-891b-c55f1bfb94ff"><testcase classname="backend.tests.test_music_v2.TestMusicLink" name="test_youtube_link" time="1.064" /><testcase classname="backend.tests.test_music_v2.TestMusicLink" name="test_spotify_link" time="0.512" /><testcase classname="backend.tests.test_music_v2.TestMusicLink" name="test_unsupported_url" time="0.168" /><testcase classname="backend.tests.test_music_v2.TestMusicLink" name="test_empty_url" time="0.087" /><testcase classname="backend.tests.test_music_v2.TestMusicLink" name="test_stream_external_rejected" time="0.110" /><testcase classname="backend.tests.test_music_v2.TestTrending" name="test_seed_and_trending" time="0.741" /><testcase classname="backend.tests.test_music_v2.TestPlaylistCRUD" name="test_create_private" time="0.101" /><testcase classname="backend.tests.test_music_v2.TestPlaylistCRUD" name="test_create_public" time="0.066" /><testcase classname="backend.tests.test_music_v2.TestPlaylistCRUD" name="test_create_shared" time="0.368" /><testcase classname="backend.tests.test_music_v2.TestPlaylistCRUD" name="test_list_playlists_scoped" time="0.220" /><testcase classname="backend.tests.test_music_v2.TestPlaylistCRUD" name="test_get_playlist_hydrated" time="0.110" /><testcase classname="backend.tests.test_music_v2.TestPlaylistCRUD" name="test_non_owner_cannot_view_private" time="0.081" /><testcase classname="backend.tests.test_music_v2.TestPlaylistCRUD" name="test_non_owner_can_view_public" time="0.076" /><testcase classname="backend.tests.test_music_v2.TestPlaylistCRUD" name="test_shared_user_can_view_shared" time="0.081" /><testcase classname="backend.tests.test_music_v2.TestPlaylistCRUD" name="test_non_shared_user_cannot_view_shared" time="0.086" /><testcase classname="backend.tests.test_music_v2.TestPlaylistCRUD" name="test_non_owner_cannot_edit_private" time="0.105" /><testcase classname="backend.tests.test_music_v2.TestPlaylistCRUD" name="test_owner_can_edit" time="0.155" /><testcase classname="backend.tests.test_music_v2.TestPlaylistCRUD" name="test_admin_can_delete_others" time="0.157" /><testcase classname="backend.tests.test_music_v2.TestPlaylistTracks" name="test_add_track" time="0.620" /><testcase classname="backend.tests.test_music_v2.TestPlaylistTracks" name="test_add_track_duplicate_returns_already" time="0.153" /><testcase classname="backend.tests.test_music_v2.TestPlaylistTracks" name="test_add_second_track_and_reorder" time="0.301" /><testcase classname="backend.tests.test_music_v2.TestPlaylistTracks" name="test_reorder_with_extra_and_missing" time="0.080" /><testcase classname="backend.tests.test_music_v2.TestPlaylistTracks" name="test_remove_track" time="0.135" /><testcase classname="backend.tests.test_music_v2.TestPlaylistTracks" name="test_non_owner_cannot_add" time="0.070" /><testcase classname="backend.tests.test_music_v2.TestPlaylistDelete" name="test_non_owner_cannot_delete" time="0.159" /><testcase classname="backend.tests.test_music_v2.TestPlaylistDelete" name="test_owner_can_delete" time="0.751" /></testsuite></testsuites>