<?xml version="1.0" encoding="utf-8"?><testsuites name="pytest tests"><testsuite name="pytest" errors="0" failures="0" skipped="0" tests="11" time="5.796" timestamp="2026-08-07T13:14:37.609966+00:00" hostname="agent-env-0fc684ca-3be8-4c7d-891b-c55f1bfb94ff"><testcase classname="backend.tests.test_music" name="test_list_tracks_200" time="0.610" /><testcase classname="backend.tests.test_music" name="test_upload_appears_in_tracks" time="0.876" /><testcase classname="backend.tests.test_music" name="test_upload_non_audio_rejected" time="0.095" /><testcase classname="backend.tests.test_music" name="test_upload_too_large_rejected" time="1.631" /><testcase classname="backend.tests.test_music" name="test_stream_requires_auth" time="0.070" /><testcase classname="backend.tests.test_music" name="test_stream_with_query_auth" time="0.503" /><testcase classname="backend.tests.test_music" name="test_stream_with_bearer" time="0.427" /><testcase classname="backend.tests.test_music" name="test_like_toggle" time="0.339" /><testcase classname="backend.tests.test_music" name="test_history" time="0.182" /><testcase classname="backend.tests.test_music" name="test_non_owner_cannot_delete" time="0.423" /><testcase classname="backend.tests.test_music" name="test_owner_can_delete_and_gone" time="0.563" /></testsuite></testsuites>