<?xml version="1.0" encoding="utf-8"?><testsuites name="pytest tests"><testsuite name="pytest" errors="0" failures="1" skipped="0" tests="24" time="28.852" timestamp="2026-05-01T10:05:10.895881+00:00" hostname="agent-env-0fc684ca-3be8-4c7d-891b-c55f1bfb94ff"><testcase classname="backend.tests.backend_test.TestAuth" name="test_register_new_user" time="1.342"><failure message="AssertionError: assert 'test_58ff3cfd@test.com' == 'TEST_58ff3cfd@test.com'&#10;  &#10;  - TEST_58ff3cfd@test.com&#10;  ? ^^^^&#10;  + test_58ff3cfd@test.com&#10;  ? ^^^^">backend/tests/backend_test.py:43: in test_register_new_user
    assert data["user"]["email"] == email
E   AssertionError: assert 'test_58ff3cfd@test.com' == 'TEST_58ff3cfd@test.com'
E     
E     - TEST_58ff3cfd@test.com
E     ? ^^^^
E     + test_58ff3cfd@test.com
E     ? ^^^^</failure></testcase><testcase classname="backend.tests.backend_test.TestAuth" name="test_register_duplicate" time="0.652" /><testcase classname="backend.tests.backend_test.TestAuth" name="test_login_demo" time="0.845" /><testcase classname="backend.tests.backend_test.TestAuth" name="test_login_invalid" time="0.872" /><testcase classname="backend.tests.backend_test.TestAuth" name="test_me" time="1.471" /><testcase classname="backend.tests.backend_test.TestAuth" name="test_me_no_token" time="0.599" /><testcase classname="backend.tests.backend_test.TestActivities" name="test_log_water" time="1.270" /><testcase classname="backend.tests.backend_test.TestActivities" name="test_log_other[eye_care-15]" time="1.292" /><testcase classname="backend.tests.backend_test.TestActivities" name="test_log_other[stand-10]" time="1.233" /><testcase classname="backend.tests.backend_test.TestActivities" name="test_log_other[breathing-20]" time="1.269" /><testcase classname="backend.tests.backend_test.TestActivities" name="test_my_activities" time="0.626" /><testcase classname="backend.tests.backend_test.TestLeaderboard" name="test_leaderboard[all]" time="0.620" /><testcase classname="backend.tests.backend_test.TestLeaderboard" name="test_leaderboard[daily]" time="0.648" /><testcase classname="backend.tests.backend_test.TestLeaderboard" name="test_leaderboard[weekly]" time="0.623" /><testcase classname="backend.tests.backend_test.TestLeaderboard" name="test_leaderboard[monthly]" time="0.646" /><testcase classname="backend.tests.backend_test.TestMood" name="test_create_and_get_mood" time="1.309" /><testcase classname="backend.tests.backend_test.TestPosts" name="test_create_post_and_list" time="1.203" /><testcase classname="backend.tests.backend_test.TestPosts" name="test_like_and_comment" time="2.714" /><testcase classname="backend.tests.backend_test.TestPosts" name="test_like_404" time="0.600" /><testcase classname="backend.tests.backend_test.TestMisc" name="test_notif_random" time="0.646" /><testcase classname="backend.tests.backend_test.TestMisc" name="test_challenges" time="0.625" /><testcase classname="backend.tests.backend_test.TestMisc" name="test_badges" time="0.644" /><testcase classname="backend.tests.backend_test.TestAI" name="test_mood_insight" time="6.340" /><testcase classname="backend.tests.backend_test.TestSeed" name="test_demo_users_exist" time="0.605" /></testsuite></testsuites>